<?xml version="1.0" encoding="UTF-8"?>
<!-- Generated by org.testng.reporters.JUnitReportReporter -->
<testsuite hostname="DESKTOP-EHCT037" failures="0" tests="2" name="Test.TestFerliniPage" time="29.652" errors="0" timestamp="2023-04-28T17:40:00 IST" skipped="0">
  <testcase classname="Test.TestFerliniPage" name="ferliniHomePageTest" time="14.499"/>
  <system-out/>
  <testcase classname="Test.TestFerliniPage" name="testCaseTwo" time="15.153"/>
  <system-out/>
</testsuite> <!-- Test.TestFerliniPage -->
