<?xml version="1.0" encoding="UTF-8"?>
<!-- Generated by org.testng.reporters.JUnitReportReporter -->
<testsuite hostname="DESKTOP-EHCT037" failures="0" tests="2" name="Test.FerliniTestng" time="28.526" errors="0" timestamp="2023-05-04T07:34:43 IST" skipped="0">
  <testcase classname="Test.FerliniTestng" name="ferliniHomePageTest" time="14.090"/>
  <system-out/>
  <testcase classname="Test.FerliniTestng" name="testCaseTwo" time="14.436"/>
  <system-out/>
</testsuite> <!-- Test.FerliniTestng -->
